Using pre-set license
Built from '2020.2/staging' branch; Version is '2020.2.7f1 (c53830e277f1) revision 12924976'; Using compiler version '192528614'; Build Type 'Release'
OS: 'Windows 10 Home; OS build 19043.1348; Version 2009; 64bit' Language: 'es' Physical Memory: 8071 MB
BatchMode: 1, IsHumanControllingUs: 0, StartBugReporterOnCrash: 0, Is64bit: 1, IsPro: 0

 COMMAND LINE ARGUMENTS:
C:\Program Files\Unity\Hub\Editor\2020.2.7.f1\Editor\Unity.exe
-adb2
-batchMode
-noUpm
-name
AssetImportWorker0
-projectPath
F:/Uni Stuff/TecnoCampus/4t/1r Trimestre/Desenvolupament de Jocs 3D/Pràctiques/Mario64Dev3D
-logFile
Logs/AssetImportWorker0.log
-srvPort
57297
Successfully changed project path to: F:/Uni Stuff/TecnoCampus/4t/1r Trimestre/Desenvolupament de Jocs 3D/Pràctiques/Mario64Dev3D
F:/Uni Stuff/TecnoCampus/4t/1r Trimestre/Desenvolupament de Jocs 3D/Pràctiques/Mario64Dev3D
Using Asset Import Pipeline V2.
Refreshing native plugins compatible for Editor in 82.52 ms, found 0 plugins.
Preloading 0 native plugins for Editor in 0.00 ms.
Initialize engine version: 2020.2.7f1 (c53830e277f1)
[Subsystems] Discovering subsystems at path C:/Program Files/Unity/Hub/Editor/2020.2.7.f1/Editor/Data/Resources/UnitySubsystems
[Subsystems] Discovering subsystems at path F:/Uni Stuff/TecnoCampus/4t/1r Trimestre/Desenvolupament de Jocs 3D/Pràctiques/Mario64Dev3D/Assets
GfxDevice: creating device client; threaded=0
Direct3D:
    Version:  Direct3D 11.0 [level 11.1]
    Renderer: NVIDIA GeForce GTX 1050 (ID=0x1c8d)
    Vendor:   
    VRAM:     4019 MB
    Driver:   27.21.14.6280
Initialize mono
Mono path[0] = 'C:/Program Files/Unity/Hub/Editor/2020.2.7.f1/Editor/Data/Managed'
Mono path[1] = 'C:/Program Files/Unity/Hub/Editor/2020.2.7.f1/Editor/Data/MonoBleedingEdge/lib/mono/unityjit'
Mono config path = 'C:/Program Files/Unity/Hub/Editor/2020.2.7.f1/Editor/Data/MonoBleedingEdge/etc'
Using monoOptions --debugger-agent=transport=dt_socket,embedding=1,server=y,suspend=n,address=127.0.0.1:56360
Begin MonoManager ReloadAssembly
Registering precompiled unity dll's ...
Register platform support module: C:/Program Files/Unity/Hub/Editor/2020.2.7.f1/Editor/Data/PlaybackEngines/WindowsStandaloneSupport/UnityEditor.WindowsStandalone.Extensions.dll
Registered in 0.005140 seconds.
Native extension for WindowsStandalone target not found
Refreshing native plugins compatible for Editor in 70.15 ms, found 0 plugins.
Preloading 0 native plugins for Editor in 0.00 ms.
Invoked RoslynAnalysisRunner static constructor.
RoslynAnalysisRunner will not be running.
RoslynAnalysisRunner has terminated.
Mono: successfully reloaded assembly
- Completed reload, in  2.965 seconds
Platform modules already initialized, skipping
Registering precompiled user dll's ...
Registered in 0.001529 seconds.
Begin MonoManager ReloadAssembly
Native extension for WindowsStandalone target not found
Refreshing native plugins compatible for Editor in 0.66 ms, found 0 plugins.
Preloading 0 native plugins for Editor in 0.00 ms.
Invoked RoslynAnalysisRunner static constructor.
RoslynAnalysisRunner will not be running.
RoslynAnalysisRunner has terminated.
Mono: successfully reloaded assembly
- Completed reload, in  2.381 seconds
Platform modules already initialized, skipping
========================================================================
Worker process is ready to serve import requests
Launched and connected shader compiler UnityShaderCompiler.exe after 0.10 seconds
Refreshing native plugins compatible for Editor in 0.54 ms, found 0 plugins.
Preloading 0 native plugins for Editor in 0.00 ms.
Unloading 1131 Unused Serialized files (Serialized files now loaded: 0)
System memory in use before: 62.0 MB.
System memory in use after: 62.0 MB.

Unloading 10 unused Assets to reduce memory usage. Loaded Objects now: 1577.
Total: 3.870100 ms (FindLiveObjects: 0.223900 ms CreateObjectMapping: 0.076000 ms MarkObjects: 3.322800 ms  DeleteObjects: 0.245100 ms)

========================================================================
Received Import Request.
  path: Assets/Scripts/PlayerHealth.cs
  artifactKey: Guid(b3876971c5b039f45ad4f50db25df01b) Importer(815301076,1909f56bfc062723c751e8b465ee728b)
Start importing Assets/Scripts/PlayerHealth.cs using Guid(b3876971c5b039f45ad4f50db25df01b) Importer(815301076,1909f56bfc062723c751e8b465ee728b)  -> (artifact id: '1fbf539440efebea926942be587da0a7') in 0.188515 seconds
  Import took 0.194249 seconds .

========================================================================
Received Import Request.
  Time since last request: 157.002279 seconds.
  path: Assets/Scripts/HUD.cs
  artifactKey: Guid(66ddaf378b2ce94459a7a097aef5e16d) Importer(815301076,1909f56bfc062723c751e8b465ee728b)
Start importing Assets/Scripts/HUD.cs using Guid(66ddaf378b2ce94459a7a097aef5e16d) Importer(815301076,1909f56bfc062723c751e8b465ee728b)  -> (artifact id: '0780206c7f870fdd21cafe940c71e61a') in 0.111100 seconds
  Import took 0.115487 seconds .

========================================================================
Received Import Request.
  Time since last request: 54.131307 seconds.
  path: Assets/Scripts/New Folder
  artifactKey: Guid(6e33e8a802f69864695b928552f1125e) Importer(815301076,1909f56bfc062723c751e8b465ee728b)
Start importing Assets/Scripts/New Folder using Guid(6e33e8a802f69864695b928552f1125e) Importer(815301076,1909f56bfc062723c751e8b465ee728b)  -> (artifact id: '59563a59f04c5bae80c9950098d7059d') in 0.024226 seconds
  Import took 0.028575 seconds .

========================================================================
Received Import Request.
  Time since last request: 9.589072 seconds.
  path: Assets/Managers
  artifactKey: Guid(89f780a1bd590b34085d4fd4e6ea50bb) Importer(815301076,1909f56bfc062723c751e8b465ee728b)
Start importing Assets/Managers using Guid(89f780a1bd590b34085d4fd4e6ea50bb) Importer(815301076,1909f56bfc062723c751e8b465ee728b)  -> (artifact id: '0222162c614ff21db026d20627c0870d') in 0.024537 seconds
  Import took 0.029940 seconds .

========================================================================
Received Prepare
Registering precompiled user dll's ...
Registered in 0.000790 seconds.
Begin MonoManager ReloadAssembly
Native extension for WindowsStandalone target not found
Refreshing native plugins compatible for Editor in 0.30 ms, found 0 plugins.
Preloading 0 native plugins for Editor in 0.00 ms.
Invoked RoslynAnalysisRunner static constructor.
RoslynAnalysisRunner will not be running.
RoslynAnalysisRunner has terminated.
Mono: successfully reloaded assembly
- Completed reload, in  1.211 seconds
Platform modules already initialized, skipping
Script is not up to date after domain reload: guid(9b4d833a278102b478d0a4f9760f409a) path("Assets/Managers/Score.cs") state(2)
Refreshing native plugins compatible for Editor in 0.34 ms, found 0 plugins.
Preloading 0 native plugins for Editor in 0.00 ms.
Unloading 1123 Unused Serialized files (Serialized files now loaded: 0)
System memory in use before: 61.5 MB.
System memory in use after: 61.6 MB.

Unloading 5 unused Assets to reduce memory usage. Loaded Objects now: 1583.
Total: 4.574100 ms (FindLiveObjects: 0.231400 ms CreateObjectMapping: 0.117800 ms MarkObjects: 4.127200 ms  DeleteObjects: 0.095000 ms)

========================================================================
Received Prepare
Registering precompiled user dll's ...
Registered in 0.001196 seconds.
Begin MonoManager ReloadAssembly
Native extension for WindowsStandalone target not found
Refreshing native plugins compatible for Editor in 0.34 ms, found 0 plugins.
Preloading 0 native plugins for Editor in 0.00 ms.
Invoked RoslynAnalysisRunner static constructor.
RoslynAnalysisRunner will not be running.
RoslynAnalysisRunner has terminated.
Mono: successfully reloaded assembly
- Completed reload, in  1.392 seconds
Platform modules already initialized, skipping
Script is not up to date after domain reload: guid(34d867af4231f2440852c0c705b7b7e1) path("Assets/Managers/ScoreManager.cs") state(2)
Refreshing native plugins compatible for Editor in 0.70 ms, found 0 plugins.
Preloading 0 native plugins for Editor in 0.00 ms.
Unloading 1124 Unused Serialized files (Serialized files now loaded: 0)
System memory in use before: 61.5 MB.
System memory in use after: 61.6 MB.

Unloading 5 unused Assets to reduce memory usage. Loaded Objects now: 1587.
Total: 3.921900 ms (FindLiveObjects: 0.385200 ms CreateObjectMapping: 0.153600 ms MarkObjects: 3.261900 ms  DeleteObjects: 0.118100 ms)

========================================================================
Received Prepare
Registering precompiled user dll's ...
Registered in 0.001500 seconds.
Begin MonoManager ReloadAssembly
Native extension for WindowsStandalone target not found
Refreshing native plugins compatible for Editor in 0.41 ms, found 0 plugins.
Preloading 0 native plugins for Editor in 0.00 ms.
Invoked RoslynAnalysisRunner static constructor.
RoslynAnalysisRunner will not be running.
RoslynAnalysisRunner has terminated.
Mono: successfully reloaded assembly
- Completed reload, in  1.596 seconds
Platform modules already initialized, skipping
Refreshing native plugins compatible for Editor in 0.49 ms, found 0 plugins.
Preloading 0 native plugins for Editor in 0.00 ms.
Unloading 1125 Unused Serialized files (Serialized files now loaded: 0)
System memory in use before: 61.6 MB.
System memory in use after: 61.7 MB.

Unloading 5 unused Assets to reduce memory usage. Loaded Objects now: 1591.
Total: 2.274200 ms (FindLiveObjects: 0.166800 ms CreateObjectMapping: 0.080900 ms MarkObjects: 1.878000 ms  DeleteObjects: 0.147000 ms)

========================================================================
Received Import Request.
  Time since last request: 37.596778 seconds.
  path: Assets/Managers/Score.cs
  artifactKey: Guid(9b4d833a278102b478d0a4f9760f409a) Importer(815301076,1909f56bfc062723c751e8b465ee728b)
Start importing Assets/Managers/Score.cs using Guid(9b4d833a278102b478d0a4f9760f409a) Importer(815301076,1909f56bfc062723c751e8b465ee728b)  -> (artifact id: 'd2b60b58b22a2fcb376e279b548909b7') in 0.016642 seconds
  Import took 0.019736 seconds .

========================================================================
Received Import Request.
  Time since last request: 5.813995 seconds.
  path: Assets/Managers/CoinScore.asset
  artifactKey: Guid(a53a8c97e315dfd4da52cf72164f7f3c) Importer(815301076,1909f56bfc062723c751e8b465ee728b)
Start importing Assets/Managers/CoinScore.asset using Guid(a53a8c97e315dfd4da52cf72164f7f3c) Importer(815301076,1909f56bfc062723c751e8b465ee728b)  -> (artifact id: '2852b37f96b0b5d126c8f58a45d007bc') in 0.032546 seconds
  Import took 0.035478 seconds .

========================================================================
Received Import Request.
  Time since last request: 0.007329 seconds.
  path: Assets/Managers/CoinScore.asset
  artifactKey: Guid(a53a8c97e315dfd4da52cf72164f7f3c) Importer(815301076,1909f56bfc062723c751e8b465ee728b)
Start importing Assets/Managers/CoinScore.asset using Guid(a53a8c97e315dfd4da52cf72164f7f3c) Importer(815301076,1909f56bfc062723c751e8b465ee728b)  -> (artifact id: '2852b37f96b0b5d126c8f58a45d007bc') in 0.005575 seconds
  Import took 0.008741 seconds .

========================================================================
Received Import Request.
  Time since last request: 13.276889 seconds.
  path: Assets/Managers/StarScore.asset
  artifactKey: Guid(ef7a1217823598f4e880aa72223953b1) Importer(815301076,1909f56bfc062723c751e8b465ee728b)
Start importing Assets/Managers/StarScore.asset using Guid(ef7a1217823598f4e880aa72223953b1) Importer(815301076,1909f56bfc062723c751e8b465ee728b)  -> (artifact id: 'b97133ef9cde164d8383196059cc2372') in 0.020717 seconds
  Import took 0.023208 seconds .

========================================================================
Received Import Request.
  Time since last request: 78.714806 seconds.
  path: Assets/Mario Assets/Models/UI/Numbers Font
  artifactKey: Guid(f166806ec860af14cb6137ce8725f89a) Importer(815301076,1909f56bfc062723c751e8b465ee728b)
Start importing Assets/Mario Assets/Models/UI/Numbers Font using Guid(f166806ec860af14cb6137ce8725f89a) Importer(815301076,1909f56bfc062723c751e8b465ee728b)  -> (artifact id: '6a0faccc114e3375ec1ae182412a855c') in 0.116665 seconds
  Import took 0.120344 seconds .

========================================================================
Received Import Request.
  Time since last request: 0.000697 seconds.
  path: Assets/Mario Assets/Models/UI/Numbers Font/GUINumbers.png
  artifactKey: Guid(0dd70b3386873744d810a249aa6e9390) Importer(815301076,1909f56bfc062723c751e8b465ee728b)
Start importing Assets/Mario Assets/Models/UI/Numbers Font/GUINumbers.png using Guid(0dd70b3386873744d810a249aa6e9390) Importer(815301076,1909f56bfc062723c751e8b465ee728b)  -> (artifact id: '683d6f9ce05e8a018a68c5800e88c411') in 0.163507 seconds
  Import took 0.167357 seconds .

========================================================================
Received Import Request.
  Time since last request: 0.000407 seconds.
  path: Assets/Mario Assets/Models/UI/Numbers Font/MarioNumbers.mat
  artifactKey: Guid(399f66b020fb4dd4c8b8afee8f1ec35c) Importer(815301076,1909f56bfc062723c751e8b465ee728b)
Start importing Assets/Mario Assets/Models/UI/Numbers Font/MarioNumbers.mat using Guid(399f66b020fb4dd4c8b8afee8f1ec35c) Importer(815301076,1909f56bfc062723c751e8b465ee728b)  -> (artifact id: 'f1e48bdc722d8ab835f1325a6bee4a2d') in 0.584573 seconds
  Import took 0.588234 seconds .

========================================================================
Received Import Request.
  Time since last request: 0.000520 seconds.
  path: Assets/Mario Assets/Models/UI/Numbers Font/Mario Numbers.fontsettings
  artifactKey: Guid(0164596d113e71f479423c724b6ee2fe) Importer(815301076,1909f56bfc062723c751e8b465ee728b)
Start importing Assets/Mario Assets/Models/UI/Numbers Font/Mario Numbers.fontsettings using Guid(0164596d113e71f479423c724b6ee2fe) Importer(815301076,1909f56bfc062723c751e8b465ee728b)  -> (artifact id: 'ac009f9fae21d0766bc6f253826b60c9') in 0.039625 seconds
  Import took 0.043741 seconds .

========================================================================
Received Import Request.
  Time since last request: 261.353244 seconds.
  path: Assets/Prefabs/Chain Chomp.prefab
  artifactKey: Guid(0d94c96ba8c9df64baf9439038734aa7) Importer(815301076,1909f56bfc062723c751e8b465ee728b)
Start importing Assets/Prefabs/Chain Chomp.prefab using Guid(0d94c96ba8c9df64baf9439038734aa7) Importer(815301076,1909f56bfc062723c751e8b465ee728b)  -> (artifact id: '165ccfe71b1a90e76104d3e2de5c3af8') in 0.417819 seconds
  Import took 0.423648 seconds .

========================================================================
Received Import Request.
  Time since last request: 0.000436 seconds.
  path: Assets/Prefabs/SuperMario.prefab
  artifactKey: Guid(8ecab4671b6cfd441a491519674d90bc) Importer(815301076,1909f56bfc062723c751e8b465ee728b)
Start importing Assets/Prefabs/SuperMario.prefab using Guid(8ecab4671b6cfd441a491519674d90bc) Importer(815301076,1909f56bfc062723c751e8b465ee728b)  -> (artifact id: 'cadd52eede6d00aa083bd0ec44947679') in 0.168790 seconds
  Import took 0.176240 seconds .

========================================================================
Received Import Request.
  Time since last request: 0.000320 seconds.
  path: Assets/Prefabs/Door.prefab
  artifactKey: Guid(52063dfe59c2cbd41ae67b6a7166e5fe) Importer(815301076,1909f56bfc062723c751e8b465ee728b)
Start importing Assets/Prefabs/Door.prefab using Guid(52063dfe59c2cbd41ae67b6a7166e5fe) Importer(815301076,1909f56bfc062723c751e8b465ee728b)  -> (artifact id: '742924497d480df8fbe2c4360771be19') in 0.033570 seconds
  Import took 0.039131 seconds .

========================================================================
Received Import Request.
  Time since last request: 0.000363 seconds.
  path: Assets/Prefabs/Coin.prefab
  artifactKey: Guid(44a71ee63938cbc49bc643c404feeb49) Importer(815301076,1909f56bfc062723c751e8b465ee728b)
Start importing Assets/Prefabs/Coin.prefab using Guid(44a71ee63938cbc49bc643c404feeb49) Importer(815301076,1909f56bfc062723c751e8b465ee728b)  -> (artifact id: '4eee4ff4e7a40610534fc8fbf3943f60') in 0.034647 seconds
  Import took 0.039559 seconds .

========================================================================
Received Import Request.
  Time since last request: 0.000343 seconds.
  path: Assets/Prefabs/Chain Chomp.prefab
  artifactKey: Guid(0d94c96ba8c9df64baf9439038734aa7) Importer(815301076,1909f56bfc062723c751e8b465ee728b)
Start importing Assets/Prefabs/Chain Chomp.prefab using Guid(0d94c96ba8c9df64baf9439038734aa7) Importer(815301076,1909f56bfc062723c751e8b465ee728b)  -> (artifact id: '165ccfe71b1a90e76104d3e2de5c3af8') in 0.063560 seconds
  Import took 0.067228 seconds .

========================================================================
Received Import Request.
  Time since last request: 0.000296 seconds.
  path: Assets/Prefabs/PowerStar.prefab
  artifactKey: Guid(a88a3d9313e50a1428c6892a8a4a042b) Importer(815301076,1909f56bfc062723c751e8b465ee728b)
Start importing Assets/Prefabs/PowerStar.prefab using Guid(a88a3d9313e50a1428c6892a8a4a042b) Importer(815301076,1909f56bfc062723c751e8b465ee728b)  -> (artifact id: 'df457cacc8eb230d9d7ec79b5f19b15c') in 0.046067 seconds
  Import took 0.050028 seconds .

========================================================================
Received Import Request.
  Time since last request: 16.518239 seconds.
  path: Assets/Managers/DependencyContainer.cs
  artifactKey: Guid(c2ac95af1e3a6e849823ab46c48aed4c) Importer(815301076,1909f56bfc062723c751e8b465ee728b)
Start importing Assets/Managers/DependencyContainer.cs using Guid(c2ac95af1e3a6e849823ab46c48aed4c) Importer(815301076,1909f56bfc062723c751e8b465ee728b)  -> (artifact id: 'a7c69523be4e9ffff222a8176c243172') in 0.010316 seconds
  Import took 0.014093 seconds .

========================================================================
Received Import Request.
  Time since last request: 0.000800 seconds.
  path: Assets/Managers/DependencyContainer.cs
  artifactKey: Guid(c2ac95af1e3a6e849823ab46c48aed4c) Importer(815301076,1909f56bfc062723c751e8b465ee728b)
Start importing Assets/Managers/DependencyContainer.cs using Guid(c2ac95af1e3a6e849823ab46c48aed4c) Importer(815301076,1909f56bfc062723c751e8b465ee728b)  -> (artifact id: 'a7c69523be4e9ffff222a8176c243172') in 0.006180 seconds
  Import took 0.010503 seconds .

========================================================================
Received Prepare
Registering precompiled user dll's ...
Registered in 0.001425 seconds.
Begin MonoManager ReloadAssembly
Native extension for WindowsStandalone target not found
Refreshing native plugins compatible for Editor in 0.66 ms, found 0 plugins.
Preloading 0 native plugins for Editor in 0.00 ms.
Invoked RoslynAnalysisRunner static constructor.
RoslynAnalysisRunner will not be running.
RoslynAnalysisRunner has terminated.
Mono: successfully reloaded assembly
- Completed reload, in  1.478 seconds
Platform modules already initialized, skipping
Refreshing native plugins compatible for Editor in 0.28 ms, found 0 plugins.
Preloading 0 native plugins for Editor in 0.00 ms.
Unloading 1125 Unused Serialized files (Serialized files now loaded: 0)
System memory in use before: 79.0 MB.
System memory in use after: 79.1 MB.

Unloading 5 unused Assets to reduce memory usage. Loaded Objects now: 1637.
Total: 2.978400 ms (FindLiveObjects: 0.194500 ms CreateObjectMapping: 0.053400 ms MarkObjects: 2.601200 ms  DeleteObjects: 0.127700 ms)

========================================================================
Received Import Request.
  Time since last request: 5.329165 seconds.
  path: Assets/Managers/IScoreManager.cs
  artifactKey: Guid(71b8010d12309b34490780ba019351d8) Importer(815301076,1909f56bfc062723c751e8b465ee728b)
Start importing Assets/Managers/IScoreManager.cs using Guid(71b8010d12309b34490780ba019351d8) Importer(815301076,1909f56bfc062723c751e8b465ee728b)  -> (artifact id: '77b83664cb01ab1a139275c604182a25') in 0.121930 seconds
  Import took 0.126125 seconds .

========================================================================
Received Import Request.
  Time since last request: 2.186738 seconds.
  path: Assets/Managers/ScoreManager.cs
  artifactKey: Guid(34d867af4231f2440852c0c705b7b7e1) Importer(815301076,1909f56bfc062723c751e8b465ee728b)
Start importing Assets/Managers/ScoreManager.cs using Guid(34d867af4231f2440852c0c705b7b7e1) Importer(815301076,1909f56bfc062723c751e8b465ee728b)  -> (artifact id: '52498b6c7af81541ad4e351d9139febf') in 0.015534 seconds
  Import took 0.018803 seconds .

========================================================================
Received Prepare
Registering precompiled user dll's ...
Registered in 0.001658 seconds.
Begin MonoManager ReloadAssembly
Native extension for WindowsStandalone target not found
Refreshing native plugins compatible for Editor in 0.57 ms, found 0 plugins.
Preloading 0 native plugins for Editor in 0.00 ms.
Invoked RoslynAnalysisRunner static constructor.
RoslynAnalysisRunner will not be running.
RoslynAnalysisRunner has terminated.
Mono: successfully reloaded assembly
- Completed reload, in  2.470 seconds
Platform modules already initialized, skipping
Refreshing native plugins compatible for Editor in 0.29 ms, found 0 plugins.
Preloading 0 native plugins for Editor in 0.00 ms.
Unloading 1125 Unused Serialized files (Serialized files now loaded: 0)
System memory in use before: 79.0 MB.
System memory in use after: 79.1 MB.

Unloading 5 unused Assets to reduce memory usage. Loaded Objects now: 1640.
Total: 2.608000 ms (FindLiveObjects: 0.253800 ms CreateObjectMapping: 0.065700 ms MarkObjects: 2.198500 ms  DeleteObjects: 0.087000 ms)

========================================================================
Received Prepare
Registering precompiled user dll's ...
Registered in 0.000843 seconds.
Begin MonoManager ReloadAssembly
Native extension for WindowsStandalone target not found
Refreshing native plugins compatible for Editor in 0.28 ms, found 0 plugins.
Preloading 0 native plugins for Editor in 0.00 ms.
Invoked RoslynAnalysisRunner static constructor.
RoslynAnalysisRunner will not be running.
RoslynAnalysisRunner has terminated.
Mono: successfully reloaded assembly
- Completed reload, in  1.350 seconds
Platform modules already initialized, skipping
Refreshing native plugins compatible for Editor in 0.46 ms, found 0 plugins.
Preloading 0 native plugins for Editor in 0.00 ms.
Unloading 1125 Unused Serialized files (Serialized files now loaded: 0)
System memory in use before: 79.0 MB.
System memory in use after: 79.1 MB.

Unloading 5 unused Assets to reduce memory usage. Loaded Objects now: 1643.
Total: 3.723700 ms (FindLiveObjects: 0.871500 ms CreateObjectMapping: 0.231100 ms MarkObjects: 2.479000 ms  DeleteObjects: 0.140200 ms)

========================================================================
Received Import Request.
  Time since last request: 169.568356 seconds.
  path: Assets/Scripts/PlayerHealth.cs
  artifactKey: Guid(b3876971c5b039f45ad4f50db25df01b) Importer(815301076,1909f56bfc062723c751e8b465ee728b)
Start importing Assets/Scripts/PlayerHealth.cs using Guid(b3876971c5b039f45ad4f50db25df01b) Importer(815301076,1909f56bfc062723c751e8b465ee728b)  -> (artifact id: 'b98936abdf1e50ee02f4307d8697053c') in 0.009398 seconds
  Import took 0.012879 seconds .

========================================================================
Received Prepare
Registering precompiled user dll's ...
Registered in 0.000875 seconds.
Begin MonoManager ReloadAssembly
Native extension for WindowsStandalone target not found
Refreshing native plugins compatible for Editor in 0.47 ms, found 0 plugins.
Preloading 0 native plugins for Editor in 0.00 ms.
Invoked RoslynAnalysisRunner static constructor.
RoslynAnalysisRunner will not be running.
RoslynAnalysisRunner has terminated.
Mono: successfully reloaded assembly
- Completed reload, in  1.785 seconds
Platform modules already initialized, skipping
Refreshing native plugins compatible for Editor in 0.66 ms, found 0 plugins.
Preloading 0 native plugins for Editor in 0.00 ms.
Unloading 1126 Unused Serialized files (Serialized files now loaded: 0)
System memory in use before: 79.0 MB.
System memory in use after: 79.1 MB.

Unloading 5 unused Assets to reduce memory usage. Loaded Objects now: 1647.
Total: 3.424900 ms (FindLiveObjects: 0.248000 ms CreateObjectMapping: 0.064900 ms MarkObjects: 3.008300 ms  DeleteObjects: 0.101400 ms)

========================================================================
Received Import Request.
  Time since last request: 17.810543 seconds.
  path: Assets/Scripts/Coin.cs
  artifactKey: Guid(4d78793f70186784d975b4d0f4c60ebd) Importer(815301076,1909f56bfc062723c751e8b465ee728b)
Start importing Assets/Scripts/Coin.cs using Guid(4d78793f70186784d975b4d0f4c60ebd) Importer(815301076,1909f56bfc062723c751e8b465ee728b)  -> (artifact id: '125b0d711b75ede58c43ed4985321268') in 0.007391 seconds
  Import took 0.010111 seconds .

========================================================================
Received Import Request.
  Time since last request: 0.016216 seconds.
  path: Assets/Scripts/Coin.cs
  artifactKey: Guid(4d78793f70186784d975b4d0f4c60ebd) Importer(815301076,1909f56bfc062723c751e8b465ee728b)
Start importing Assets/Scripts/Coin.cs using Guid(4d78793f70186784d975b4d0f4c60ebd) Importer(815301076,1909f56bfc062723c751e8b465ee728b)  -> (artifact id: '125b0d711b75ede58c43ed4985321268') in 0.005301 seconds
  Import took 0.008279 seconds .

========================================================================
Received Import Request.
  Time since last request: 30.786147 seconds.
  path: Assets/Prefabs/Coin.prefab
  artifactKey: Guid(44a71ee63938cbc49bc643c404feeb49) Importer(815301076,1909f56bfc062723c751e8b465ee728b)
Start importing Assets/Prefabs/Coin.prefab using Guid(44a71ee63938cbc49bc643c404feeb49) Importer(815301076,1909f56bfc062723c751e8b465ee728b)  -> (artifact id: '7ce67b42e710dcf227738f52059112e9') in 0.246243 seconds
  Import took 0.250550 seconds .

========================================================================
Received Import Request.
  Time since last request: 0.005540 seconds.
  path: Assets/Prefabs/Coin.prefab
  artifactKey: Guid(44a71ee63938cbc49bc643c404feeb49) Importer(815301076,1909f56bfc062723c751e8b465ee728b)
Start importing Assets/Prefabs/Coin.prefab using Guid(44a71ee63938cbc49bc643c404feeb49) Importer(815301076,1909f56bfc062723c751e8b465ee728b)  -> (artifact id: '7ce67b42e710dcf227738f52059112e9') in 0.023710 seconds
  Import took 0.027461 seconds .

========================================================================
Received Prepare
Registering precompiled user dll's ...
Registered in 0.001192 seconds.
Begin MonoManager ReloadAssembly
Native extension for WindowsStandalone target not found
Refreshing native plugins compatible for Editor in 0.56 ms, found 0 plugins.
Preloading 0 native plugins for Editor in 0.00 ms.
Invoked RoslynAnalysisRunner static constructor.
RoslynAnalysisRunner will not be running.
RoslynAnalysisRunner has terminated.
Mono: successfully reloaded assembly
- Completed reload, in  1.904 seconds
Platform modules already initialized, skipping
Refreshing native plugins compatible for Editor in 0.40 ms, found 0 plugins.
Preloading 0 native plugins for Editor in 0.00 ms.
Unloading 1126 Unused Serialized files (Serialized files now loaded: 0)
System memory in use before: 79.1 MB.
System memory in use after: 79.2 MB.

Unloading 5 unused Assets to reduce memory usage. Loaded Objects now: 1651.
Total: 3.659300 ms (FindLiveObjects: 0.322500 ms CreateObjectMapping: 0.084600 ms MarkObjects: 3.095300 ms  DeleteObjects: 0.154100 ms)

========================================================================
Received Import Request.
  Time since last request: 307.782685 seconds.
  path: Assets/Animations/PlatformMovement.anim
  artifactKey: Guid(9a2d84423852bec4987d0ec431319a11) Importer(815301076,1909f56bfc062723c751e8b465ee728b)
Start importing Assets/Animations/PlatformMovement.anim using Guid(9a2d84423852bec4987d0ec431319a11) Importer(815301076,1909f56bfc062723c751e8b465ee728b)  -> (artifact id: 'a53ccfcd6f62b0283f37b87ff86fe77d') in 0.058672 seconds
  Import took 0.062319 seconds .

========================================================================
Received Prepare
Registering precompiled user dll's ...
Registered in 0.001709 seconds.
Begin MonoManager ReloadAssembly
Native extension for WindowsStandalone target not found
Refreshing native plugins compatible for Editor in 0.56 ms, found 0 plugins.
Preloading 0 native plugins for Editor in 0.00 ms.
Invoked RoslynAnalysisRunner static constructor.
RoslynAnalysisRunner will not be running.
RoslynAnalysisRunner has terminated.
Mono: successfully reloaded assembly
- Completed reload, in  1.634 seconds
Platform modules already initialized, skipping
Refreshing native plugins compatible for Editor in 0.33 ms, found 0 plugins.
Preloading 0 native plugins for Editor in 0.00 ms.
Unloading 1126 Unused Serialized files (Serialized files now loaded: 0)
System memory in use before: 79.1 MB.
System memory in use after: 79.2 MB.

Unloading 5 unused Assets to reduce memory usage. Loaded Objects now: 1654.
Total: 3.984400 ms (FindLiveObjects: 0.376100 ms CreateObjectMapping: 0.098000 ms MarkObjects: 3.130400 ms  DeleteObjects: 0.376000 ms)

AssetImportWorkerClient::OnTransportError - code=2 error=End of file
